c:\users\casper\source\repos\ırcdenemeemme\ırcdenemeemme\debug\vc141.pdb
c:\users\casper\source\repos\ırcdenemeemme\ırcdenemeemme\debug\vc141.ıdb
c:\users\casper\source\repos\ırcdenemeemme\ırcdenemeemme\debug\ırc_clıent.obj
c:\users\casper\source\repos\ırcdenemeemme\ırcdenemeemme\debug\emır.obj
c:\users\casper\source\repos\ırcdenemeemme\ırcdenemeemme\debug\formatlama.obj
c:\users\casper\source\repos\ırcdenemeemme\ırcdenemeemme\debug\maın.obj
c:\users\casper\source\repos\ırcdenemeemme\ırcdenemeemme\debug\ag_fonksıyonları.obj
c:\users\casper\source\repos\ırcdenemeemme\ırcdenemeemme\debug\ırcdenemeemme.res
c:\users\casper\source\repos\ircdenemeemme\ircdenemeemme\debug\ag_fonksiyonlari.obj
c:\users\casper\source\repos\ircdenemeemme\ircdenemeemme\debug\emir.obj
c:\users\casper\source\repos\ircdenemeemme\ircdenemeemme\debug\formatlama.obj
c:\users\casper\source\repos\ircdenemeemme\ircdenemeemme\debug\ırc_client.obj
c:\users\casper\source\repos\ircdenemeemme\ircdenemeemme\debug\kaynak.obj
c:\users\casper\source\repos\ircdenemeemme\ircdenemeemme\debug\main.obj
c:\users\casper\source\repos\ircdenemeemme\ircdenemeemme\debug\ircdenemeemme.res
c:\users\casper\source\repos\ircdenemeemme\ircdenemeemme\debug\vc141.idb
c:\users\casper\source\repos\ircdenemeemme\ircdenemeemme\debug\vc141.pdb
c:\users\casper\source\repos\ircdenemeemme\debug\ircdenemeemme.pdb
c:\users\casper\source\repos\ircdenemeemme\debug\ircdenemeemme.exe
c:\users\casper\source\repos\ircdenemeemme\debug\ircdenemeemme.ilk
c:\users\casper\source\repos\ircdenemeemme\ircdenemeemme\debug\ircdenemeemme.tlog\cl.command.1.tlog
c:\users\casper\source\repos\ircdenemeemme\ircdenemeemme\debug\ircdenemeemme.tlog\cl.read.1.tlog
c:\users\casper\source\repos\ircdenemeemme\ircdenemeemme\debug\ircdenemeemme.tlog\cl.write.1.tlog
c:\users\casper\source\repos\ircdenemeemme\ircdenemeemme\debug\ircdenemeemme.tlog\link.command.1.tlog
c:\users\casper\source\repos\ircdenemeemme\ircdenemeemme\debug\ircdenemeemme.tlog\link.read.1.tlog
c:\users\casper\source\repos\ircdenemeemme\ircdenemeemme\debug\ircdenemeemme.tlog\link.write.1.tlog
c:\users\casper\source\repos\ircdenemeemme\ircdenemeemme\debug\ircdenemeemme.tlog\rc.command.1.tlog
c:\users\casper\source\repos\ircdenemeemme\ircdenemeemme\debug\ircdenemeemme.tlog\rc.read.1.tlog
c:\users\casper\source\repos\ircdenemeemme\ircdenemeemme\debug\ircdenemeemme.tlog\rc.write.1.tlog
